2025-09-10 15:33:21.596 | INFO     | utils_logger:<module>:41 - Logging to file: logs/project_log.log
2025-09-10 15:33:21.597 | INFO     | __main__:main:97 - Starting CSV fetch demonstration...
2025-09-10 15:33:21.597 | INFO     | __main__:fetch_csv_file:56 - Fetching CSV data from https://raw.githubusercontent.com/MainakRepositor/Datasets/master/World%20Happiness%20Data/2020.csv...
2025-09-10 15:33:21.851 | INFO     | __main__:write_csv_file:80 - Writing CSV data to example_data/2020_happiness.csv...
2025-09-10 15:33:21.852 | INFO     | __main__:write_csv_file:84 - SUCCESS: CSV data written to example_data/2020_happiness.csv
2025-09-10 15:33:21.852 | INFO     | __main__:fetch_csv_file:60 - SUCCESS: CSV file fetched and saved as 2020_happiness.csv
2025-09-10 15:33:30.399 | INFO     | utils_logger:<module>:41 - Logging to file: logs/project_log.log
2025-09-10 15:33:30.399 | INFO     | __main__:<module>:97 - Starting CSV processing...
2025-09-10 15:33:30.400 | INFO     | __main__:process_csv_file:90 - Processed CSV file: example_data/2020_happiness.csv, Statistics saved to: example_processed/happiness_ladder_score_stats.txt
2025-09-10 15:33:30.400 | INFO     | __main__:<module>:99 - CSV processing complete.
2025-09-10 15:57:44.038 | INFO     | utils_logger:<module>:41 - Logging to file: logs/project_log.log
2025-09-10 15:57:44.038 | INFO     | __main__:main:93 - Starting CSV fetch demonstration...
2025-09-10 15:57:44.038 | INFO     | __main__:fetch_csv_file:52 - Fetching CSV data from https://raw.githubusercontent.com/MainakRepositor/Datasets/master/World%20Happiness%20Data/2020.csv...
2025-09-10 15:57:44.266 | INFO     | __main__:write_csv_file:76 - Writing CSV data to downloaded_data/2020_happiness.csv...
2025-09-10 15:57:44.268 | INFO     | __main__:write_csv_file:80 - SUCCESS: CSV data written to downloaded_data/2020_happiness.csv
2025-09-10 15:57:44.268 | INFO     | __main__:fetch_csv_file:56 - SUCCESS: CSV file fetched and saved as 2020_happiness.csv
2025-09-10 15:57:51.674 | INFO     | utils_logger:<module>:41 - Logging to file: logs/project_log.log
2025-09-10 15:57:51.674 | INFO     | __main__:<module>:97 - Starting CSV processing...
2025-09-10 15:57:51.675 | INFO     | __main__:process_csv_file:90 - Processed CSV file: example_data/2020_happiness.csv, Statistics saved to: example_processed/happiness_ladder_score_stats.txt
2025-09-10 15:57:51.675 | INFO     | __main__:<module>:99 - CSV processing complete.
2025-09-10 15:58:50.115 | INFO     | utils_logger:<module>:41 - Logging to file: logs/project_log.log
2025-09-10 15:58:50.115 | INFO     | __main__:main:97 - Starting Excel fetch demonstration...
2025-09-10 15:58:50.115 | INFO     | __main__:fetch_excel_file:56 - Fetching Excel data from https://raw.githubusercontent.com/denisecase/datafun-03-analytics/main/hosted/Feedback.xlsx...
2025-09-10 15:58:50.387 | INFO     | __main__:write_excel_file:80 - Writing Excel data to example_data/Feedback.xlsx...
2025-09-10 15:58:50.388 | INFO     | __main__:write_excel_file:84 - SUCCESS: Excel data written to example_data/Feedback.xlsx
2025-09-10 15:58:50.388 | INFO     | __main__:fetch_excel_file:60 - SUCCESS: Excel file fetched and saved as Feedback.xlsx
2025-09-10 15:59:05.534 | INFO     | utils_logger:<module>:41 - Logging to file: logs/project_log.log
2025-09-10 15:59:05.534 | INFO     | __main__:<module>:83 - Starting Excel processing...
2025-09-10 15:59:05.540 | INFO     | __main__:process_excel_file:76 - Processed Excel file: example_data/Feedback.xlsx, Word count saved to: example_processed/excel_feedback_github_count.txt
2025-09-10 15:59:05.540 | INFO     | __main__:<module>:85 - Excel processing complete.
2025-09-10 16:00:59.302 | INFO     | utils_logger:<module>:41 - Logging to file: logs/project_log.log
2025-09-10 16:00:59.302 | INFO     | __main__:main:98 - Starting JSON fetch demonstration...
2025-09-10 16:00:59.302 | INFO     | __main__:fetch_json_file:57 - Fetching JSON data from http://api.open-notify.org/astros.json...
2025-09-10 16:00:59.558 | INFO     | __main__:write_json_file:81 - Writing JSON data to example_data/astros.json...
2025-09-10 16:00:59.560 | INFO     | __main__:write_json_file:85 - SUCCESS: JSON data written to example_data/astros.json
2025-09-10 16:00:59.560 | INFO     | __main__:fetch_json_file:61 - SUCCESS: JSON file fetched and saved as astros.json
2025-09-10 16:01:06.174 | INFO     | utils_logger:<module>:41 - Logging to file: logs/project_log.log
2025-09-10 16:01:06.174 | INFO     | __main__:<module>:118 - Starting JSON processing...
2025-09-10 16:01:06.174 | INFO     | __main__:process_json_file:111 - Processed JSON file: example_data/astros.json, Results saved to: example_processed/json_astronauts_by_craft.txt
2025-09-10 16:01:06.174 | INFO     | __main__:<module>:120 - JSON processing complete.
2025-09-10 16:02:27.109 | INFO     | utils_logger:<module>:41 - Logging to file: logs/project_log.log
2025-09-10 16:02:27.110 | INFO     | __main__:main:97 - Starting text fetch demonstration...
2025-09-10 16:02:27.110 | INFO     | __main__:fetch_txt_file:56 - Fetching text data from https://raw.githubusercontent.com/denisecase/datafun-03-analytics/main/hosted/romeo.txt...
2025-09-10 16:02:27.367 | INFO     | __main__:write_txt_file:80 - Writing data to example_data/romeo.txt...
2025-09-10 16:02:27.369 | INFO     | __main__:write_txt_file:84 - SUCCESS: Data written to example_data/romeo.txt
2025-09-10 16:02:27.369 | INFO     | __main__:fetch_txt_file:60 - SUCCESS: Text file fetched and saved as romeo.txt
2025-09-10 16:02:34.772 | INFO     | utils_logger:<module>:41 - Logging to file: logs/project_log.log
2025-09-10 16:02:34.772 | INFO     | __main__:<module>:72 - Starting text processing...
2025-09-10 16:02:34.772 | INFO     | __main__:process_text_file:65 - Processed text file: example_data/romeo.txt, Word count saved to: example_processed/text_romeo_word_count.txt
2025-09-10 16:02:34.772 | INFO     | __main__:<module>:74 - Text processing complete.
